{"C:\\Users\\User\\Desktop\\event-pulse-platform\\src\\application\\use-cases\\evaluate-alert-rules.ts": {"path":"C:\\Users\\User\\Desktop\\event-pulse-platform\\src\\application\\use-cases\\evaluate-alert-rules.ts","all":false,"statementMap":{"2":{"start":{"line":3,"column":0},"end":{"line":3,"column":90}},"4":{"start":{"line":5,"column":0},"end":{"line":5,"column":78}},"6":{"start":{"line":7,"column":0},"end":{"line":7,"column":68}},"23":{"start":{"line":24,"column":0},"end":{"line":24,"column":33}},"24":{"start":{"line":25,"column":0},"end":{"line":25,"column":30}},"25":{"start":{"line":26,"column":0},"end":{"line":26,"column":29}},"26":{"start":{"line":27,"column":0},"end":{"line":27,"column":20}},"27":{"start":{"line":28,"column":0},"end":{"line":28,"column":32}},"28":{"start":{"line":29,"column":0},"end":{"line":29,"column":36}},"29":{"start":{"line":30,"column":0},"end":{"line":30,"column":14}},"30":{"start":{"line":31,"column":0},"end":{"line":31,"column":32}},"31":{"start":{"line":32,"column":0},"end":{"line":32,"column":14}},"32":{"start":{"line":33,"column":0},"end":{"line":33,"column":31}},"33":{"start":{"line":34,"column":0},"end":{"line":34,"column":16}},"34":{"start":{"line":35,"column":0},"end":{"line":35,"column":25}},"35":{"start":{"line":36,"column":0},"end":{"line":36,"column":11}},"36":{"start":{"line":37,"column":0},"end":{"line":37,"column":74}},"37":{"start":{"line":38,"column":0},"end":{"line":38,"column":17}},"38":{"start":{"line":39,"column":0},"end":{"line":39,"column":64}},"39":{"start":{"line":40,"column":0},"end":{"line":40,"column":25}},"40":{"start":{"line":41,"column":0},"end":{"line":41,"column":15}},"41":{"start":{"line":42,"column":0},"end":{"line":42,"column":5}},"42":{"start":{"line":43,"column":0},"end":{"line":43,"column":1}},"47":{"start":{"line":48,"column":0},"end":{"line":48,"column":48}},"48":{"start":{"line":49,"column":0},"end":{"line":49,"column":31}},"49":{"start":{"line":50,"column":0},"end":{"line":50,"column":27}},"50":{"start":{"line":51,"column":0},"end":{"line":51,"column":14}},"51":{"start":{"line":52,"column":0},"end":{"line":52,"column":18}},"52":{"start":{"line":53,"column":0},"end":{"line":53,"column":73}},"53":{"start":{"line":54,"column":0},"end":{"line":54,"column":7}},"54":{"start":{"line":55,"column":0},"end":{"line":55,"column":47}},"55":{"start":{"line":56,"column":0},"end":{"line":56,"column":17}},"56":{"start":{"line":57,"column":0},"end":{"line":57,"column":49}},"57":{"start":{"line":58,"column":0},"end":{"line":58,"column":11}},"58":{"start":{"line":59,"column":0},"end":{"line":59,"column":3}},"60":{"start":{"line":61,"column":0},"end":{"line":61,"column":28}},"61":{"start":{"line":62,"column":0},"end":{"line":62,"column":53}},"62":{"start":{"line":63,"column":0},"end":{"line":63,"column":26}},"63":{"start":{"line":64,"column":0},"end":{"line":64,"column":15}},"64":{"start":{"line":65,"column":0},"end":{"line":65,"column":5}},"65":{"start":{"line":66,"column":0},"end":{"line":66,"column":51}},"66":{"start":{"line":67,"column":0},"end":{"line":67,"column":57}},"67":{"start":{"line":68,"column":0},"end":{"line":68,"column":15}},"68":{"start":{"line":69,"column":0},"end":{"line":69,"column":5}},"70":{"start":{"line":71,"column":0},"end":{"line":71,"column":24}},"71":{"start":{"line":72,"column":0},"end":{"line":72,"column":20}},"73":{"start":{"line":74,"column":0},"end":{"line":74,"column":47}},"74":{"start":{"line":75,"column":0},"end":{"line":75,"column":68}},"75":{"start":{"line":76,"column":0},"end":{"line":76,"column":55}},"76":{"start":{"line":77,"column":0},"end":{"line":77,"column":58}},"77":{"start":{"line":78,"column":0},"end":{"line":78,"column":30}},"78":{"start":{"line":79,"column":0},"end":{"line":79,"column":59}},"79":{"start":{"line":80,"column":0},"end":{"line":80,"column":35}},"80":{"start":{"line":81,"column":0},"end":{"line":81,"column":88}},"81":{"start":{"line":82,"column":0},"end":{"line":82,"column":5}},"83":{"start":{"line":84,"column":0},"end":{"line":84,"column":19}},"84":{"start":{"line":85,"column":0},"end":{"line":85,"column":15}},"85":{"start":{"line":86,"column":0},"end":{"line":86,"column":5}},"87":{"start":{"line":88,"column":0},"end":{"line":88,"column":41}},"88":{"start":{"line":89,"column":0},"end":{"line":89,"column":108}},"90":{"start":{"line":91,"column":0},"end":{"line":91,"column":13}},"91":{"start":{"line":92,"column":0},"end":{"line":92,"column":78}},"92":{"start":{"line":93,"column":0},"end":{"line":93,"column":29}},"93":{"start":{"line":94,"column":0},"end":{"line":94,"column":6}},"95":{"start":{"line":96,"column":0},"end":{"line":96,"column":9}},"96":{"start":{"line":97,"column":0},"end":{"line":97,"column":36}},"97":{"start":{"line":98,"column":0},"end":{"line":98,"column":31}},"98":{"start":{"line":99,"column":0},"end":{"line":99,"column":25}},"99":{"start":{"line":100,"column":0},"end":{"line":100,"column":29}},"100":{"start":{"line":101,"column":0},"end":{"line":101,"column":44}},"101":{"start":{"line":102,"column":0},"end":{"line":102,"column":36}},"102":{"start":{"line":103,"column":0},"end":{"line":103,"column":40}},"103":{"start":{"line":104,"column":0},"end":{"line":104,"column":21}},"104":{"start":{"line":105,"column":0},"end":{"line":105,"column":9}},"105":{"start":{"line":106,"column":0},"end":{"line":106,"column":19}},"106":{"start":{"line":107,"column":0},"end":{"line":107,"column":58}},"107":{"start":{"line":108,"column":0},"end":{"line":108,"column":5}},"109":{"start":{"line":110,"column":0},"end":{"line":110,"column":59}},"110":{"start":{"line":111,"column":0},"end":{"line":111,"column":15}},"111":{"start":{"line":112,"column":0},"end":{"line":112,"column":11}},"112":{"start":{"line":113,"column":0},"end":{"line":113,"column":67}},"113":{"start":{"line":114,"column":0},"end":{"line":114,"column":22}},"114":{"start":{"line":115,"column":0},"end":{"line":115,"column":65}},"115":{"start":{"line":116,"column":0},"end":{"line":116,"column":9}},"116":{"start":{"line":117,"column":0},"end":{"line":117,"column":21}},"117":{"start":{"line":118,"column":0},"end":{"line":118,"column":50}},"118":{"start":{"line":119,"column":0},"end":{"line":119,"column":7}},"119":{"start":{"line":120,"column":0},"end":{"line":120,"column":5}},"120":{"start":{"line":121,"column":0},"end":{"line":121,"column":3}},"121":{"start":{"line":122,"column":0},"end":{"line":122,"column":1}}},"s":{"2":1,"4":1,"6":1,"23":3,"24":3,"25":3,"26":3,"27":3,"28":3,"29":3,"30":3,"31":0,"32":3,"33":1,"34":2,"35":3,"36":3,"37":3,"38":3,"39":0,"40":3,"41":3,"42":3,"47":5,"48":5,"49":5,"50":5,"51":5,"52":5,"53":5,"54":5,"55":5,"56":0,"57":0,"58":0,"60":5,"61":5,"62":5,"63":0,"64":0,"65":5,"66":5,"67":1,"68":1,"70":4,"71":4,"73":5,"74":1,"75":1,"76":5,"77":3,"78":3,"79":3,"80":3,"81":3,"83":5,"84":1,"85":1,"87":3,"88":3,"90":3,"91":3,"92":3,"93":3,"95":3,"96":3,"97":3,"98":3,"99":3,"100":5,"101":5,"102":5,"103":5,"104":5,"105":5,"106":0,"107":0,"109":3,"110":5,"111":1,"112":1,"113":1,"114":0,"115":0,"116":1,"117":0,"118":0,"119":1,"120":5,"121":5},"branchMap":{"0":{"type":"branch","line":24,"loc":{"start":{"line":24,"column":0},"end":{"line":43,"column":1}},"locations":[{"start":{"line":24,"column":0},"end":{"line":43,"column":1}}]},"1":{"type":"branch","line":31,"loc":{"start":{"line":31,"column":23},"end":{"line":32,"column":14}},"locations":[{"start":{"line":31,"column":23},"end":{"line":32,"column":14}}]},"2":{"type":"branch","line":33,"loc":{"start":{"line":33,"column":27},"end":{"line":34,"column":16}},"locations":[{"start":{"line":33,"column":27},"end":{"line":34,"column":16}}]},"3":{"type":"branch","line":34,"loc":{"start":{"line":34,"column":12},"end":{"line":35,"column":25}},"locations":[{"start":{"line":34,"column":12},"end":{"line":35,"column":25}}]},"4":{"type":"branch","line":37,"loc":{"start":{"line":37,"column":31},"end":{"line":37,"column":74}},"locations":[{"start":{"line":37,"column":31},"end":{"line":37,"column":74}}]},"5":{"type":"branch","line":39,"loc":{"start":{"line":39,"column":8},"end":{"line":39,"column":64}},"locations":[{"start":{"line":39,"column":8},"end":{"line":39,"column":64}}]},"6":{"type":"branch","line":39,"loc":{"start":{"line":39,"column":63},"end":{"line":40,"column":25}},"locations":[{"start":{"line":39,"column":63},"end":{"line":40,"column":25}}]},"7":{"type":"branch","line":48,"loc":{"start":{"line":48,"column":0},"end":{"line":122,"column":1}},"locations":[{"start":{"line":48,"column":0},"end":{"line":122,"column":1}}]},"8":{"type":"branch","line":56,"loc":{"start":{"line":56,"column":2},"end":{"line":59,"column":3}},"locations":[{"start":{"line":56,"column":2},"end":{"line":59,"column":3}}]},"9":{"type":"branch","line":63,"loc":{"start":{"line":63,"column":25},"end":{"line":65,"column":5}},"locations":[{"start":{"line":63,"column":25},"end":{"line":65,"column":5}}]},"10":{"type":"branch","line":66,"loc":{"start":{"line":66,"column":28},"end":{"line":66,"column":51}},"locations":[{"start":{"line":66,"column":28},"end":{"line":66,"column":51}}]},"11":{"type":"branch","line":67,"loc":{"start":{"line":67,"column":56},"end":{"line":69,"column":5}},"locations":[{"start":{"line":67,"column":56},"end":{"line":69,"column":5}}]},"12":{"type":"branch","line":69,"loc":{"start":{"line":69,"column":4},"end":{"line":74,"column":46}},"locations":[{"start":{"line":69,"column":4},"end":{"line":74,"column":46}}]},"13":{"type":"branch","line":74,"loc":{"start":{"line":74,"column":46},"end":{"line":77,"column":15}},"locations":[{"start":{"line":74,"column":46},"end":{"line":77,"column":15}}]},"14":{"type":"branch","line":77,"loc":{"start":{"line":77,"column":4},"end":{"line":82,"column":5}},"locations":[{"start":{"line":77,"column":4},"end":{"line":82,"column":5}}]},"15":{"type":"branch","line":82,"loc":{"start":{"line":82,"column":4},"end":{"line":84,"column":18}},"locations":[{"start":{"line":82,"column":4},"end":{"line":84,"column":18}}]},"16":{"type":"branch","line":84,"loc":{"start":{"line":84,"column":18},"end":{"line":86,"column":5}},"locations":[{"start":{"line":84,"column":18},"end":{"line":86,"column":5}}]},"17":{"type":"branch","line":86,"loc":{"start":{"line":86,"column":4},"end":{"line":101,"column":34}},"locations":[{"start":{"line":86,"column":4},"end":{"line":101,"column":34}}]},"18":{"type":"branch","line":101,"loc":{"start":{"line":101,"column":22},"end":{"line":101,"column":44}},"locations":[{"start":{"line":101,"column":22},"end":{"line":101,"column":44}}]},"19":{"type":"branch","line":105,"loc":{"start":{"line":105,"column":7},"end":{"line":106,"column":13}},"locations":[{"start":{"line":105,"column":7},"end":{"line":106,"column":13}}]},"20":{"type":"branch","line":106,"loc":{"start":{"line":106,"column":4},"end":{"line":108,"column":5}},"locations":[{"start":{"line":106,"column":4},"end":{"line":108,"column":5}}]},"21":{"type":"branch","line":108,"loc":{"start":{"line":108,"column":4},"end":{"line":111,"column":14}},"locations":[{"start":{"line":108,"column":4},"end":{"line":111,"column":14}}]},"22":{"type":"branch","line":111,"loc":{"start":{"line":111,"column":14},"end":{"line":120,"column":5}},"locations":[{"start":{"line":111,"column":14},"end":{"line":120,"column":5}}]},"23":{"type":"branch","line":114,"loc":{"start":{"line":114,"column":21},"end":{"line":116,"column":9}},"locations":[{"start":{"line":114,"column":21},"end":{"line":116,"column":9}}]},"24":{"type":"branch","line":117,"loc":{"start":{"line":117,"column":6},"end":{"line":119,"column":7}},"locations":[{"start":{"line":117,"column":6},"end":{"line":119,"column":7}}]}},"b":{"0":[3],"1":[0],"2":[1],"3":[2],"4":[0],"5":[0],"6":[0],"7":[5],"8":[0],"9":[0],"10":[0],"11":[1],"12":[4],"13":[1],"14":[3],"15":[4],"16":[1],"17":[3],"18":[0],"19":[3],"20":[0],"21":[3],"22":[1],"23":[0],"24":[0]},"fnMap":{"0":{"name":"countForThreshold","decl":{"start":{"line":24,"column":0},"end":{"line":43,"column":1}},"loc":{"start":{"line":24,"column":0},"end":{"line":43,"column":1}},"line":24},"1":{"name":"evaluateAlertRulesUseCase","decl":{"start":{"line":48,"column":0},"end":{"line":122,"column":1}},"loc":{"start":{"line":48,"column":0},"end":{"line":122,"column":1}},"line":48}},"f":{"0":3,"1":5}}
,"C:\\Users\\User\\Desktop\\event-pulse-platform\\src\\domain\\notifications\\resolve-slack-webhook.ts": {"path":"C:\\Users\\User\\Desktop\\event-pulse-platform\\src\\domain\\notifications\\resolve-slack-webhook.ts","all":false,"statementMap":{"0":{"start":{"line":1,"column":0},"end":{"line":1,"column":39}},"1":{"start":{"line":2,"column":0},"end":{"line":2,"column":41}},"2":{"start":{"line":3,"column":0},"end":{"line":3,"column":23}},"3":{"start":{"line":4,"column":0},"end":{"line":4,"column":52}},"4":{"start":{"line":5,"column":0},"end":{"line":5,"column":12}},"5":{"start":{"line":6,"column":0},"end":{"line":6,"column":15}},"6":{"start":{"line":7,"column":0},"end":{"line":7,"column":3}},"7":{"start":{"line":8,"column":0},"end":{"line":8,"column":35}},"8":{"start":{"line":9,"column":0},"end":{"line":9,"column":37}},"9":{"start":{"line":10,"column":0},"end":{"line":10,"column":16}},"10":{"start":{"line":11,"column":0},"end":{"line":11,"column":3}},"11":{"start":{"line":12,"column":0},"end":{"line":12,"column":19}},"12":{"start":{"line":13,"column":0},"end":{"line":13,"column":1}}},"s":{"0":1,"1":5,"2":5,"3":5,"4":5,"5":1,"6":1,"7":5,"8":5,"9":2,"10":2,"11":2,"12":2},"branchMap":{"0":{"type":"branch","line":1,"loc":{"start":{"line":1,"column":7},"end":{"line":13,"column":1}},"locations":[{"start":{"line":1,"column":7},"end":{"line":13,"column":1}}]},"1":{"type":"branch","line":4,"loc":{"start":{"line":4,"column":26},"end":{"line":4,"column":50}},"locations":[{"start":{"line":4,"column":26},"end":{"line":4,"column":50}}]},"2":{"type":"branch","line":5,"loc":{"start":{"line":5,"column":11},"end":{"line":7,"column":3}},"locations":[{"start":{"line":5,"column":11},"end":{"line":7,"column":3}}]},"3":{"type":"branch","line":7,"loc":{"start":{"line":7,"column":2},"end":{"line":8,"column":28}},"locations":[{"start":{"line":7,"column":2},"end":{"line":8,"column":28}}]},"4":{"type":"branch","line":8,"loc":{"start":{"line":8,"column":15},"end":{"line":8,"column":33}},"locations":[{"start":{"line":8,"column":15},"end":{"line":8,"column":33}}]},"5":{"type":"branch","line":9,"loc":{"start":{"line":9,"column":6},"end":{"line":9,"column":23}},"locations":[{"start":{"line":9,"column":6},"end":{"line":9,"column":23}}]},"6":{"type":"branch","line":9,"loc":{"start":{"line":9,"column":36},"end":{"line":13,"column":1}},"locations":[{"start":{"line":9,"column":36},"end":{"line":13,"column":1}}]}},"b":{"0":[5],"1":[1],"2":[1],"3":[4],"4":[2],"5":[2],"6":[2]},"fnMap":{"0":{"name":"resolveSlackWebhookUrl","decl":{"start":{"line":1,"column":7},"end":{"line":13,"column":1}},"loc":{"start":{"line":1,"column":7},"end":{"line":13,"column":1}},"line":1}},"f":{"0":5}}
,"C:\\Users\\User\\Desktop\\event-pulse-platform\\src\\domain\\rules\\cooldown-tracker.ts": {"path":"C:\\Users\\User\\Desktop\\event-pulse-platform\\src\\domain\\rules\\cooldown-tracker.ts","all":false,"statementMap":{"1":{"start":{"line":2,"column":0},"end":{"line":2,"column":34}},"2":{"start":{"line":3,"column":0},"end":{"line":3,"column":66}},"4":{"start":{"line":5,"column":0},"end":{"line":5,"column":60}},"5":{"start":{"line":6,"column":0},"end":{"line":6,"column":53}},"6":{"start":{"line":7,"column":0},"end":{"line":7,"column":29}},"7":{"start":{"line":8,"column":0},"end":{"line":8,"column":19}},"8":{"start":{"line":9,"column":0},"end":{"line":9,"column":5}},"9":{"start":{"line":10,"column":0},"end":{"line":10,"column":50}},"10":{"start":{"line":11,"column":0},"end":{"line":11,"column":3}},"12":{"start":{"line":13,"column":0},"end":{"line":13,"column":39}},"13":{"start":{"line":14,"column":0},"end":{"line":14,"column":52}},"14":{"start":{"line":15,"column":0},"end":{"line":15,"column":3}},"17":{"start":{"line":18,"column":0},"end":{"line":18,"column":17}},"18":{"start":{"line":19,"column":0},"end":{"line":19,"column":36}},"19":{"start":{"line":20,"column":0},"end":{"line":20,"column":3}},"20":{"start":{"line":21,"column":0},"end":{"line":21,"column":1}},"22":{"start":{"line":23,"column":0},"end":{"line":23,"column":60}}},"s":{"1":1,"2":5,"4":5,"5":5,"6":5,"7":4,"8":4,"9":1,"10":5,"12":5,"13":3,"14":3,"17":5,"18":0,"19":0,"20":5,"22":1},"branchMap":{"0":{"type":"branch","line":2,"loc":{"start":{"line":2,"column":33},"end":{"line":21,"column":1}},"locations":[{"start":{"line":2,"column":33},"end":{"line":21,"column":1}}]},"1":{"type":"branch","line":5,"loc":{"start":{"line":5,"column":2},"end":{"line":11,"column":3}},"locations":[{"start":{"line":5,"column":2},"end":{"line":11,"column":3}}]},"2":{"type":"branch","line":7,"loc":{"start":{"line":7,"column":28},"end":{"line":9,"column":5}},"locations":[{"start":{"line":7,"column":28},"end":{"line":9,"column":5}}]},"3":{"type":"branch","line":9,"loc":{"start":{"line":9,"column":4},"end":{"line":10,"column":50}},"locations":[{"start":{"line":9,"column":4},"end":{"line":10,"column":50}}]},"4":{"type":"branch","line":13,"loc":{"start":{"line":13,"column":2},"end":{"line":15,"column":3}},"locations":[{"start":{"line":13,"column":2},"end":{"line":15,"column":3}}]}},"b":{"0":[5],"1":[5],"2":[4],"3":[1],"4":[3]},"fnMap":{"0":{"name":"<instance_members_initializer>","decl":{"start":{"line":2,"column":33},"end":{"line":21,"column":1}},"loc":{"start":{"line":2,"column":33},"end":{"line":21,"column":1}},"line":2},"1":{"name":"inCooldown","decl":{"start":{"line":5,"column":2},"end":{"line":11,"column":3}},"loc":{"start":{"line":5,"column":2},"end":{"line":11,"column":3}},"line":5},"2":{"name":"markTriggered","decl":{"start":{"line":13,"column":2},"end":{"line":15,"column":3}},"loc":{"start":{"line":13,"column":2},"end":{"line":15,"column":3}},"line":13},"3":{"name":"clear","decl":{"start":{"line":18,"column":2},"end":{"line":20,"column":3}},"loc":{"start":{"line":18,"column":2},"end":{"line":20,"column":3}},"line":18}},"f":{"0":5,"1":5,"2":3,"3":0}}
,"C:\\Users\\User\\Desktop\\event-pulse-platform\\src\\domain\\rules\\payload-match.ts": {"path":"C:\\Users\\User\\Desktop\\event-pulse-platform\\src\\domain\\rules\\payload-match.ts","all":false,"statementMap":{"0":{"start":{"line":1,"column":0},"end":{"line":1,"column":70}},"1":{"start":{"line":2,"column":0},"end":{"line":2,"column":65}},"2":{"start":{"line":3,"column":0},"end":{"line":3,"column":40}},"3":{"start":{"line":4,"column":0},"end":{"line":4,"column":3}},"4":{"start":{"line":5,"column":0},"end":{"line":5,"column":14}},"5":{"start":{"line":6,"column":0},"end":{"line":6,"column":1}},"7":{"start":{"line":8,"column":0},"end":{"line":8,"column":73}},"8":{"start":{"line":9,"column":0},"end":{"line":9,"column":30}},"9":{"start":{"line":10,"column":0},"end":{"line":10,"column":11}},"10":{"start":{"line":11,"column":0},"end":{"line":11,"column":21}},"11":{"start":{"line":12,"column":0},"end":{"line":12,"column":3}},"12":{"start":{"line":13,"column":0},"end":{"line":13,"column":26}},"13":{"start":{"line":14,"column":0},"end":{"line":14,"column":37}},"14":{"start":{"line":15,"column":0},"end":{"line":15,"column":45}},"15":{"start":{"line":16,"column":0},"end":{"line":16,"column":23}},"16":{"start":{"line":17,"column":0},"end":{"line":17,"column":5}},"17":{"start":{"line":18,"column":0},"end":{"line":18,"column":21}},"18":{"start":{"line":19,"column":0},"end":{"line":19,"column":32}},"19":{"start":{"line":20,"column":0},"end":{"line":20,"column":40}},"20":{"start":{"line":21,"column":0},"end":{"line":21,"column":3}},"21":{"start":{"line":22,"column":0},"end":{"line":22,"column":16}},"22":{"start":{"line":23,"column":0},"end":{"line":23,"column":1}},"24":{"start":{"line":25,"column":0},"end":{"line":25,"column":31}},"25":{"start":{"line":26,"column":0},"end":{"line":26,"column":19}},"26":{"start":{"line":27,"column":0},"end":{"line":27,"column":45}},"27":{"start":{"line":28,"column":0},"end":{"line":28,"column":12}},"28":{"start":{"line":29,"column":0},"end":{"line":29,"column":50}},"29":{"start":{"line":30,"column":0},"end":{"line":30,"column":16}},"30":{"start":{"line":31,"column":0},"end":{"line":31,"column":3}},"31":{"start":{"line":32,"column":0},"end":{"line":32,"column":54}},"32":{"start":{"line":33,"column":0},"end":{"line":33,"column":47}},"33":{"start":{"line":34,"column":0},"end":{"line":34,"column":30}},"34":{"start":{"line":35,"column":0},"end":{"line":35,"column":19}},"35":{"start":{"line":36,"column":0},"end":{"line":36,"column":5}},"36":{"start":{"line":37,"column":0},"end":{"line":37,"column":3}},"37":{"start":{"line":38,"column":0},"end":{"line":38,"column":14}},"38":{"start":{"line":39,"column":0},"end":{"line":39,"column":1}},"46":{"start":{"line":47,"column":0},"end":{"line":47,"column":43}},"47":{"start":{"line":48,"column":0},"end":{"line":48,"column":53}},"48":{"start":{"line":49,"column":0},"end":{"line":49,"column":28}},"49":{"start":{"line":50,"column":0},"end":{"line":50,"column":12}},"50":{"start":{"line":51,"column":0},"end":{"line":51,"column":56}},"51":{"start":{"line":52,"column":0},"end":{"line":52,"column":58}},"52":{"start":{"line":53,"column":0},"end":{"line":53,"column":19}},"53":{"start":{"line":54,"column":0},"end":{"line":54,"column":5}},"54":{"start":{"line":55,"column":0},"end":{"line":55,"column":3}},"55":{"start":{"line":56,"column":0},"end":{"line":56,"column":62}},"56":{"start":{"line":57,"column":0},"end":{"line":57,"column":1}}},"s":{"0":1,"1":32,"2":24,"3":24,"4":8,"5":8,"7":1,"8":1,"9":1,"10":0,"11":0,"12":1,"13":0,"14":0,"15":0,"16":0,"17":0,"18":0,"19":0,"20":0,"21":1,"22":1,"24":1,"25":2,"26":2,"27":2,"28":2,"29":1,"30":1,"31":1,"32":1,"33":1,"34":0,"35":0,"36":1,"37":1,"38":1,"46":1,"47":3,"48":3,"49":3,"50":3,"51":3,"52":1,"53":1,"54":3,"55":2,"56":2},"branchMap":{"0":{"type":"branch","line":1,"loc":{"start":{"line":1,"column":7},"end":{"line":6,"column":1}},"locations":[{"start":{"line":1,"column":7},"end":{"line":6,"column":1}}]},"1":{"type":"branch","line":2,"loc":{"start":{"line":2,"column":19},"end":{"line":2,"column":45}},"locations":[{"start":{"line":2,"column":19},"end":{"line":2,"column":45}}]},"2":{"type":"branch","line":2,"loc":{"start":{"line":2,"column":37},"end":{"line":2,"column":64}},"locations":[{"start":{"line":2,"column":37},"end":{"line":2,"column":64}}]},"3":{"type":"branch","line":2,"loc":{"start":{"line":2,"column":64},"end":{"line":4,"column":3}},"locations":[{"start":{"line":2,"column":64},"end":{"line":4,"column":3}}]},"4":{"type":"branch","line":4,"loc":{"start":{"line":4,"column":2},"end":{"line":6,"column":1}},"locations":[{"start":{"line":4,"column":2},"end":{"line":6,"column":1}}]},"5":{"type":"branch","line":8,"loc":{"start":{"line":8,"column":7},"end":{"line":23,"column":1}},"locations":[{"start":{"line":8,"column":7},"end":{"line":23,"column":1}}]},"6":{"type":"branch","line":10,"loc":{"start":{"line":10,"column":10},"end":{"line":12,"column":3}},"locations":[{"start":{"line":10,"column":10},"end":{"line":12,"column":3}}]},"7":{"type":"branch","line":13,"loc":{"start":{"line":13,"column":25},"end":{"line":21,"column":3}},"locations":[{"start":{"line":13,"column":25},"end":{"line":21,"column":3}}]},"8":{"type":"branch","line":25,"loc":{"start":{"line":25,"column":7},"end":{"line":39,"column":1}},"locations":[{"start":{"line":25,"column":7},"end":{"line":39,"column":1}}]},"9":{"type":"branch","line":29,"loc":{"start":{"line":29,"column":7},"end":{"line":29,"column":49}},"locations":[{"start":{"line":29,"column":7},"end":{"line":29,"column":49}}]},"10":{"type":"branch","line":29,"loc":{"start":{"line":29,"column":49},"end":{"line":39,"column":1}},"locations":[{"start":{"line":29,"column":49},"end":{"line":39,"column":1}}]},"11":{"type":"branch","line":34,"loc":{"start":{"line":34,"column":29},"end":{"line":36,"column":5}},"locations":[{"start":{"line":34,"column":29},"end":{"line":36,"column":5}}]},"12":{"type":"branch","line":47,"loc":{"start":{"line":47,"column":7},"end":{"line":57,"column":1}},"locations":[{"start":{"line":47,"column":7},"end":{"line":57,"column":1}}]},"13":{"type":"branch","line":52,"loc":{"start":{"line":52,"column":57},"end":{"line":54,"column":5}},"locations":[{"start":{"line":52,"column":57},"end":{"line":54,"column":5}}]},"14":{"type":"branch","line":55,"loc":{"start":{"line":55,"column":2},"end":{"line":57,"column":1}},"locations":[{"start":{"line":55,"column":2},"end":{"line":57,"column":1}}]}},"b":{"0":[32],"1":[25],"2":[24],"3":[24],"4":[8],"5":[1],"6":[0],"7":[0],"8":[2],"9":[1],"10":[1],"11":[0],"12":[3],"13":[1],"14":[2]},"fnMap":{"0":{"name":"asRecord","decl":{"start":{"line":1,"column":7},"end":{"line":6,"column":1}},"loc":{"start":{"line":1,"column":7},"end":{"line":6,"column":1}},"line":1},"1":{"name":"getPayloadField","decl":{"start":{"line":8,"column":7},"end":{"line":23,"column":1}},"loc":{"start":{"line":8,"column":7},"end":{"line":23,"column":1}},"line":8},"2":{"name":"payloadMatches","decl":{"start":{"line":25,"column":7},"end":{"line":39,"column":1}},"loc":{"start":{"line":25,"column":7},"end":{"line":39,"column":1}},"line":25},"3":{"name":"matchesEventMatchCondition","decl":{"start":{"line":47,"column":7},"end":{"line":57,"column":1}},"loc":{"start":{"line":47,"column":7},"end":{"line":57,"column":1}},"line":47}},"f":{"0":32,"1":1,"2":2,"3":3}}
,"C:\\Users\\User\\Desktop\\event-pulse-platform\\src\\domain\\rules\\rule-types.ts": {"path":"C:\\Users\\User\\Desktop\\event-pulse-platform\\src\\domain\\rules\\rule-types.ts","all":false,"statementMap":{"0":{"start":{"line":1,"column":0},"end":{"line":1,"column":43}},"23":{"start":{"line":24,"column":0},"end":{"line":24,"column":80}},"24":{"start":{"line":25,"column":0},"end":{"line":25,"column":26}},"25":{"start":{"line":26,"column":0},"end":{"line":26,"column":11}},"26":{"start":{"line":27,"column":0},"end":{"line":27,"column":16}},"27":{"start":{"line":28,"column":0},"end":{"line":28,"column":3}},"28":{"start":{"line":29,"column":0},"end":{"line":29,"column":27}},"29":{"start":{"line":30,"column":0},"end":{"line":30,"column":27}},"30":{"start":{"line":31,"column":0},"end":{"line":31,"column":41}},"31":{"start":{"line":32,"column":0},"end":{"line":32,"column":16}},"32":{"start":{"line":33,"column":0},"end":{"line":33,"column":3}},"33":{"start":{"line":34,"column":0},"end":{"line":34,"column":33}},"34":{"start":{"line":35,"column":0},"end":{"line":35,"column":52}},"35":{"start":{"line":36,"column":0},"end":{"line":36,"column":71}},"36":{"start":{"line":37,"column":0},"end":{"line":37,"column":18}},"37":{"start":{"line":38,"column":0},"end":{"line":38,"column":52}},"38":{"start":{"line":39,"column":0},"end":{"line":39,"column":67}},"39":{"start":{"line":40,"column":0},"end":{"line":40,"column":62}},"40":{"start":{"line":41,"column":0},"end":{"line":41,"column":42}},"41":{"start":{"line":42,"column":0},"end":{"line":42,"column":5}},"42":{"start":{"line":43,"column":0},"end":{"line":43,"column":74}},"43":{"start":{"line":44,"column":0},"end":{"line":44,"column":46}},"44":{"start":{"line":45,"column":0},"end":{"line":45,"column":5}},"45":{"start":{"line":46,"column":0},"end":{"line":46,"column":12}},"46":{"start":{"line":47,"column":0},"end":{"line":47,"column":16}},"47":{"start":{"line":48,"column":0},"end":{"line":48,"column":23}},"48":{"start":{"line":49,"column":0},"end":{"line":49,"column":73}},"49":{"start":{"line":50,"column":0},"end":{"line":50,"column":72}},"50":{"start":{"line":51,"column":0},"end":{"line":51,"column":6}},"51":{"start":{"line":52,"column":0},"end":{"line":52,"column":3}},"52":{"start":{"line":53,"column":0},"end":{"line":53,"column":37}},"53":{"start":{"line":54,"column":0},"end":{"line":54,"column":40}},"54":{"start":{"line":55,"column":0},"end":{"line":55,"column":35}},"55":{"start":{"line":56,"column":0},"end":{"line":56,"column":77}},"56":{"start":{"line":57,"column":0},"end":{"line":57,"column":18}},"57":{"start":{"line":58,"column":0},"end":{"line":58,"column":5}},"58":{"start":{"line":59,"column":0},"end":{"line":59,"column":48}},"59":{"start":{"line":60,"column":0},"end":{"line":60,"column":30}},"60":{"start":{"line":61,"column":0},"end":{"line":61,"column":56}},"61":{"start":{"line":62,"column":0},"end":{"line":62,"column":32}},"62":{"start":{"line":63,"column":0},"end":{"line":63,"column":6}},"63":{"start":{"line":64,"column":0},"end":{"line":64,"column":43}},"64":{"start":{"line":65,"column":0},"end":{"line":65,"column":42}},"65":{"start":{"line":66,"column":0},"end":{"line":66,"column":39}},"66":{"start":{"line":67,"column":0},"end":{"line":67,"column":34}},"67":{"start":{"line":68,"column":0},"end":{"line":68,"column":5}},"68":{"start":{"line":69,"column":0},"end":{"line":69,"column":62}},"69":{"start":{"line":70,"column":0},"end":{"line":70,"column":34}},"70":{"start":{"line":71,"column":0},"end":{"line":71,"column":35}},"71":{"start":{"line":72,"column":0},"end":{"line":72,"column":30}},"72":{"start":{"line":73,"column":0},"end":{"line":73,"column":5}},"73":{"start":{"line":74,"column":0},"end":{"line":74,"column":41}},"74":{"start":{"line":75,"column":0},"end":{"line":75,"column":52}},"75":{"start":{"line":76,"column":0},"end":{"line":76,"column":35}},"76":{"start":{"line":77,"column":0},"end":{"line":77,"column":5}},"77":{"start":{"line":78,"column":0},"end":{"line":78,"column":12}},"78":{"start":{"line":79,"column":0},"end":{"line":79,"column":16}},"79":{"start":{"line":80,"column":0},"end":{"line":80,"column":23}},"80":{"start":{"line":81,"column":0},"end":{"line":81,"column":74}},"81":{"start":{"line":82,"column":0},"end":{"line":82,"column":72}},"82":{"start":{"line":83,"column":0},"end":{"line":83,"column":6}},"83":{"start":{"line":84,"column":0},"end":{"line":84,"column":3}},"84":{"start":{"line":85,"column":0},"end":{"line":85,"column":14}},"85":{"start":{"line":86,"column":0},"end":{"line":86,"column":1}}},"s":{"0":1,"23":1,"24":13,"25":13,"26":2,"27":2,"28":11,"29":11,"30":13,"31":2,"32":2,"33":13,"34":2,"35":2,"36":0,"37":2,"38":2,"39":2,"40":2,"41":2,"42":2,"43":1,"44":1,"45":2,"46":2,"47":2,"48":2,"49":2,"50":2,"51":2,"52":7,"53":7,"54":7,"55":7,"56":2,"57":2,"58":5,"59":5,"60":5,"61":5,"62":5,"63":7,"64":3,"65":7,"66":2,"67":2,"68":7,"69":1,"70":7,"71":0,"72":0,"73":5,"74":7,"75":1,"76":1,"77":5,"78":5,"79":5,"80":7,"81":7,"82":7,"83":7,"84":0,"85":0},"branchMap":{"0":{"type":"branch","line":24,"loc":{"start":{"line":24,"column":7},"end":{"line":86,"column":1}},"locations":[{"start":{"line":24,"column":7},"end":{"line":86,"column":1}}]},"1":{"type":"branch","line":26,"loc":{"start":{"line":26,"column":10},"end":{"line":28,"column":3}},"locations":[{"start":{"line":26,"column":10},"end":{"line":28,"column":3}}]},"2":{"type":"branch","line":28,"loc":{"start":{"line":28,"column":2},"end":{"line":31,"column":12}},"locations":[{"start":{"line":28,"column":2},"end":{"line":31,"column":12}}]},"3":{"type":"branch","line":31,"loc":{"start":{"line":31,"column":7},"end":{"line":31,"column":40}},"locations":[{"start":{"line":31,"column":7},"end":{"line":31,"column":40}}]},"4":{"type":"branch","line":31,"loc":{"start":{"line":31,"column":40},"end":{"line":33,"column":3}},"locations":[{"start":{"line":31,"column":40},"end":{"line":33,"column":3}}]},"5":{"type":"branch","line":33,"loc":{"start":{"line":33,"column":2},"end":{"line":34,"column":32}},"locations":[{"start":{"line":33,"column":2},"end":{"line":34,"column":32}}]},"6":{"type":"branch","line":34,"loc":{"start":{"line":34,"column":32},"end":{"line":52,"column":3}},"locations":[{"start":{"line":34,"column":32},"end":{"line":52,"column":3}}]},"7":{"type":"branch","line":36,"loc":{"start":{"line":36,"column":70},"end":{"line":37,"column":18}},"locations":[{"start":{"line":36,"column":70},"end":{"line":37,"column":18}}]},"8":{"type":"branch","line":43,"loc":{"start":{"line":43,"column":26},"end":{"line":43,"column":73}},"locations":[{"start":{"line":43,"column":26},"end":{"line":43,"column":73}}]},"9":{"type":"branch","line":43,"loc":{"start":{"line":43,"column":73},"end":{"line":45,"column":5}},"locations":[{"start":{"line":43,"column":73},"end":{"line":45,"column":5}}]},"10":{"type":"branch","line":49,"loc":{"start":{"line":49,"column":38},"end":{"line":49,"column":70}},"locations":[{"start":{"line":49,"column":38},"end":{"line":49,"column":70}}]},"11":{"type":"branch","line":49,"loc":{"start":{"line":49,"column":51},"end":{"line":49,"column":73}},"locations":[{"start":{"line":49,"column":51},"end":{"line":49,"column":73}}]},"12":{"type":"branch","line":50,"loc":{"start":{"line":50,"column":38},"end":{"line":50,"column":62}},"locations":[{"start":{"line":50,"column":38},"end":{"line":50,"column":62}}]},"13":{"type":"branch","line":50,"loc":{"start":{"line":50,"column":51},"end":{"line":50,"column":72}},"locations":[{"start":{"line":50,"column":51},"end":{"line":50,"column":72}}]},"14":{"type":"branch","line":52,"loc":{"start":{"line":52,"column":2},"end":{"line":84,"column":3}},"locations":[{"start":{"line":52,"column":2},"end":{"line":84,"column":3}}]},"15":{"type":"branch","line":56,"loc":{"start":{"line":56,"column":38},"end":{"line":56,"column":67}},"locations":[{"start":{"line":56,"column":38},"end":{"line":56,"column":67}}]},"16":{"type":"branch","line":56,"loc":{"start":{"line":56,"column":62},"end":{"line":56,"column":76}},"locations":[{"start":{"line":56,"column":62},"end":{"line":56,"column":76}}]},"17":{"type":"branch","line":56,"loc":{"start":{"line":56,"column":76},"end":{"line":58,"column":5}},"locations":[{"start":{"line":56,"column":76},"end":{"line":58,"column":5}}]},"18":{"type":"branch","line":58,"loc":{"start":{"line":58,"column":4},"end":{"line":64,"column":42}},"locations":[{"start":{"line":58,"column":4},"end":{"line":64,"column":42}}]},"19":{"type":"branch","line":64,"loc":{"start":{"line":64,"column":42},"end":{"line":66,"column":15}},"locations":[{"start":{"line":64,"column":42},"end":{"line":66,"column":15}}]},"20":{"type":"branch","line":66,"loc":{"start":{"line":66,"column":4},"end":{"line":68,"column":5}},"locations":[{"start":{"line":66,"column":4},"end":{"line":68,"column":5}}]},"21":{"type":"branch","line":68,"loc":{"start":{"line":68,"column":4},"end":{"line":69,"column":40}},"locations":[{"start":{"line":68,"column":4},"end":{"line":69,"column":40}}]},"22":{"type":"branch","line":69,"loc":{"start":{"line":69,"column":28},"end":{"line":69,"column":61}},"locations":[{"start":{"line":69,"column":28},"end":{"line":69,"column":61}}]},"23":{"type":"branch","line":69,"loc":{"start":{"line":69,"column":61},"end":{"line":71,"column":15}},"locations":[{"start":{"line":69,"column":61},"end":{"line":71,"column":15}}]},"24":{"type":"branch","line":71,"loc":{"start":{"line":71,"column":4},"end":{"line":73,"column":5}},"locations":[{"start":{"line":71,"column":4},"end":{"line":73,"column":5}}]},"25":{"type":"branch","line":71,"loc":{"start":{"line":71,"column":34},"end":{"line":73,"column":5}},"locations":[{"start":{"line":71,"column":34},"end":{"line":73,"column":5}}]},"26":{"type":"branch","line":73,"loc":{"start":{"line":73,"column":4},"end":{"line":75,"column":23}},"locations":[{"start":{"line":73,"column":4},"end":{"line":75,"column":23}}]},"27":{"type":"branch","line":75,"loc":{"start":{"line":75,"column":15},"end":{"line":75,"column":51}},"locations":[{"start":{"line":75,"column":15},"end":{"line":75,"column":51}}]},"28":{"type":"branch","line":75,"loc":{"start":{"line":75,"column":51},"end":{"line":77,"column":5}},"locations":[{"start":{"line":75,"column":51},"end":{"line":77,"column":5}}]},"29":{"type":"branch","line":77,"loc":{"start":{"line":77,"column":4},"end":{"line":81,"column":49}},"locations":[{"start":{"line":77,"column":4},"end":{"line":81,"column":49}}]},"30":{"type":"branch","line":81,"loc":{"start":{"line":81,"column":38},"end":{"line":81,"column":70}},"locations":[{"start":{"line":81,"column":38},"end":{"line":81,"column":70}}]},"31":{"type":"branch","line":81,"loc":{"start":{"line":81,"column":51},"end":{"line":81,"column":74}},"locations":[{"start":{"line":81,"column":51},"end":{"line":81,"column":74}}]},"32":{"type":"branch","line":82,"loc":{"start":{"line":82,"column":38},"end":{"line":82,"column":62}},"locations":[{"start":{"line":82,"column":38},"end":{"line":82,"column":62}}]},"33":{"type":"branch","line":82,"loc":{"start":{"line":82,"column":51},"end":{"line":82,"column":72}},"locations":[{"start":{"line":82,"column":51},"end":{"line":82,"column":72}}]},"34":{"type":"branch","line":84,"loc":{"start":{"line":84,"column":2},"end":{"line":86,"column":1}},"locations":[{"start":{"line":84,"column":2},"end":{"line":86,"column":1}}]},"35":{"type":"branch","line":36,"loc":{"start":{"line":36,"column":29},"end":{"line":36,"column":70}},"locations":[{"start":{"line":36,"column":29},"end":{"line":36,"column":70}}]}},"b":{"0":[13],"1":[2],"2":[11],"3":[10],"4":[2],"5":[9],"6":[2],"7":[0],"8":[1],"9":[1],"10":[1],"11":[1],"12":[1],"13":[1],"14":[7],"15":[6],"16":[6],"17":[2],"18":[5],"19":[3],"20":[2],"21":[5],"22":[1],"23":[1],"24":[4],"25":[0],"26":[5],"27":[1],"28":[1],"29":[5],"30":[2],"31":[3],"32":[0],"33":[5],"34":[0],"35":[2]},"fnMap":{"0":{"name":"parseRuleDefinition","decl":{"start":{"line":24,"column":7},"end":{"line":86,"column":1}},"loc":{"start":{"line":24,"column":7},"end":{"line":86,"column":1}},"line":24}},"f":{"0":13}}
}
